#
# A fatal error has been detected by the Java Runtime Environment:
#
#  EXCEPTION_ACCESS_VIOLATION (0xc0000005) at pc=0x00000000689fffb7, pid=15536, tid=17900
#
# JRE version: Java(TM) SE Runtime Environment (8.0_45-b15) (build 1.8.0_45-b15)
# Java VM: Java HotSpot(TM) 64-Bit Server VM (25.45-b02 mixed mode windows-amd64 compressed oops)
# Problematic frame:
# V  [jvm.dll+0x20ffb7]
#
# Failed to write core dump. Minidumps are not enabled by default on client versions of Windows
#
# If you would like to submit a bug report, please visit:
#   http://bugreport.java.com/bugreport/crash.jsp
#

---------------  T H R E A D  ---------------

Current thread (0x0000000017456000):  JavaThread "pool-2-thread-2" [_thread_in_vm, id=17900, stack(0x0000000018740000,0x0000000018840000)]

siginfo: ExceptionCode=0xc0000005, writing address 0x0000000018835c40

Registers:
RAX=0x0000000018835c40, RBX=0x0000000000000007, RCX=0x0000000000006000, RDX=0x0000000000000014
RSP=0x000000001883bc40, RBP=0x0000000000000000, RSI=0x000000001883bc40, RDI=0x0000000000000007
R8 =0x0000000000000014, R9 =0x0000000017d4afb0, R10=0x000000001496bc10, R11=0x000000001874a148
R12=0x0000000017d4afb0, R13=0x0000000017456000, R14=0x000000001883bd08, R15=0x000000001496bc10
RIP=0x00000000689fffb7, EFLAGS=0x0000000000010202

Top of Stack: (sp=0x000000001883bc40)
0x000000001883bc40:   00000000684a37e0 0000000002071fd0
0x000000001883bc50:   0000000017456000 0000000017d4afb0
0x000000001883bc60:   00000000ffffffff 0000000068a00ee7
0x000000001883bc70:   000000001883bd70 000000001496bc10
0x000000001883bc80:   0000000017456000 0000000000000001
0x000000001883bc90:   0000000017453720 00007ffddc885bd4
0x000000001883bca0:   0000000000000000 0000000000000001
0x000000001883bcb0:   000000001496bc10 0000000017456000
0x000000001883bcc0:   00000000026510e0 000000000255e090
0x000000001883bcd0:   0000000000000009 0000000068fed7f8
0x000000001883bce0:   0000000000000030 0000000000000000
0x000000001883bcf0:   0000000000000000 000000001496bc10
0x000000001883bd00:   0000000017456000 00000000171d1ef0
0x000000001883bd10:   0000000000000010 0000000000000010
0x000000001883bd20:   000000001883bec8 0000000068458d17
0x000000001883bd30:   0000000000000002 0000000000000010 

Instructions: (pc=0x00000000689fffb7)
0x00000000689fff97:   48 89 6c 24 30 33 ed 66 90 e8 4b 35 08 00 ff c3
0x00000000689fffa7:   48 63 c8 48 8b c6 48 0f af cf 48 ff c7 48 2b c1
0x00000000689fffb7:   89 28 48 63 c3 48 3b 05 4d 66 58 00 7e db 48 8b
0x00000000689fffc7:   6c 24 30 48 8b 5c 24 38 48 8b 74 24 40 48 83 c4 


Register to memory mapping:

RAX=0x0000000018835c40 is pointing into the stack for thread: 0x0000000017456000
RBX=0x0000000000000007 is an unknown value
RCX=0x0000000000006000 is an unknown value
RDX=0x0000000000000014 is an unknown value
RSP=0x000000001883bc40 is pointing into the stack for thread: 0x0000000017456000
RBP=0x0000000000000000 is an unknown value
RSI=0x000000001883bc40 is pointing into the stack for thread: 0x0000000017456000
RDI=0x0000000000000007 is an unknown value
R8 =0x0000000000000014 is an unknown value
R9 =0x0000000017d4afb0 is an unknown value
R10={method} {0x000000001496bc18} 'run' '()Ljava/lang/Object;' in 'java/net/URLClassLoader$1'
R11=0x000000001874a148 is pointing into the stack for thread: 0x0000000017456000
R12=0x0000000017d4afb0 is an unknown value
R13=0x0000000017456000 is a thread
R14=0x000000001883bd08 is pointing into the stack for thread: 0x0000000017456000
R15={method} {0x000000001496bc18} 'run' '()Ljava/lang/Object;' in 'java/net/URLClassLoader$1'


Stack: [0x0000000018740000,0x0000000018840000],  sp=0x000000001883bc40,  free space=1007k
Native frames: (J=compiled Java code, j=interpreted, Vv=VM code, C=native code)

Java frames: (J=compiled Java code, j=interpreted, Vv=VM code)
j  java.security.AccessController.doPrivileged(Ljava/security/PrivilegedExceptionAction;Ljava/security/AccessControlContext;)Ljava/lang/Object;+0
J 252 C1 java.net.URLClassLoader.findClass(Ljava/lang/String;)Ljava/lang/Class; (47 bytes) @ 0x00000000027d7204 [0x00000000027d7080+0x184]
J 202 C1 java.lang.ClassLoader.loadClass(Ljava/lang/String;Z)Ljava/lang/Class; (122 bytes) @ 0x00000000027bddec [0x00000000027bd480+0x96c]
J 202 C1 java.lang.ClassLoader.loadClass(Ljava/lang/String;Z)Ljava/lang/Class; (122 bytes) @ 0x00000000027bdb8c [0x00000000027bd480+0x70c]
j  sun.misc.Launcher$AppClassLoader.loadClass(Ljava/lang/String;Z)Ljava/lang/Class;+81
j  java.lang.ClassLoader.loadClass(Ljava/lang/String;)Ljava/lang/Class;+3
v  ~StubRoutines::call_stub
j  com.android.dx.dex.cf.CfTranslator.translate0(Lcom/android/dx/cf/direct/DirectClassFile;[BLcom/android/dx/dex/cf/CfOptions;Lcom/android/dx/dex/DexOptions;Lcom/android/dx/dex/file/DexFile;)Lcom/android/dx/dex/file/ClassDefItem;+44
j  com.android.dx.dex.cf.CfTranslator.translate(Lcom/android/dx/cf/direct/DirectClassFile;[BLcom/android/dx/dex/cf/CfOptions;Lcom/android/dx/dex/DexOptions;Lcom/android/dx/dex/file/DexFile;)Lcom/android/dx/dex/file/ClassDefItem;+6
j  com.android.dx.command.dexer.Main.translateClass([BLcom/android/dx/cf/direct/DirectClassFile;)Lcom/android/dx/dex/file/ClassDefItem;+17
j  com.android.dx.command.dexer.Main.access$2700([BLcom/android/dx/cf/direct/DirectClassFile;)Lcom/android/dx/dex/file/ClassDefItem;+2
j  com.android.dx.command.dexer.Main$ClassTranslatorTask.call()Lcom/android/dx/dex/file/ClassDefItem;+8
j  com.android.dx.command.dexer.Main$ClassTranslatorTask.call()Ljava/lang/Object;+1
j  java.util.concurrent.FutureTask.run()V+42
j  java.util.concurrent.ThreadPoolExecutor.runWorker(Ljava/util/concurrent/ThreadPoolExecutor$Worker;)V+95
j  java.util.concurrent.ThreadPoolExecutor$Worker.run()V+5
j  java.lang.Thread.run()V+11
v  ~StubRoutines::call_stub

---------------  P R O C E S S  ---------------

Java Threads: ( => current thread )
  0x00000000174fc000 JavaThread "pool-2-thread-4" [_thread_blocked, id=18344, stack(0x0000000018a40000,0x0000000018b40000)]
  0x00000000174aa800 JavaThread "pool-2-thread-3" [_thread_blocked, id=3528, stack(0x0000000018940000,0x0000000018a40000)]
=>0x0000000017456000 JavaThread "pool-2-thread-2" [_thread_in_vm, id=17900, stack(0x0000000018740000,0x0000000018840000)]
  0x00000000174a5800 JavaThread "pool-3-thread-1" [_thread_blocked, id=4032, stack(0x0000000018640000,0x0000000018740000)]
  0x00000000174a5000 JavaThread "pool-2-thread-1" [_thread_blocked, id=17520, stack(0x0000000018540000,0x0000000018640000)]
  0x00000000171dd800 JavaThread "Service Thread" daemon [_thread_blocked, id=6040, stack(0x0000000017b40000,0x0000000017c40000)]
  0x00000000171d0800 JavaThread "C1 CompilerThread3" daemon [_thread_blocked, id=16088, stack(0x0000000017a40000,0x0000000017b40000)]
  0x00000000171c9800 JavaThread "C2 CompilerThread2" daemon [_thread_blocked, id=17476, stack(0x0000000017940000,0x0000000017a40000)]
  0x00000000171c8000 JavaThread "C2 CompilerThread1" daemon [_thread_blocked, id=4708, stack(0x0000000017840000,0x0000000017940000)]
  0x00000000171c4800 JavaThread "C2 CompilerThread0" daemon [_thread_blocked, id=17128, stack(0x0000000017740000,0x0000000017840000)]
  0x00000000171c1800 JavaThread "Attach Listener" daemon [_thread_blocked, id=18060, stack(0x0000000017640000,0x0000000017740000)]
  0x0000000017177800 JavaThread "Signal Dispatcher" daemon [_thread_blocked, id=14856, stack(0x0000000017540000,0x0000000017640000)]
  0x0000000002639000 JavaThread "Finalizer" daemon [_thread_blocked, id=1660, stack(0x0000000017040000,0x0000000017140000)]
  0x000000001515d000 JavaThread "Reference Handler" daemon [_thread_blocked, id=17924, stack(0x0000000016f40000,0x0000000017040000)]
  0x0000000002543000 JavaThread "main" [_thread_blocked, id=12676, stack(0x0000000002440000,0x0000000002540000)]

Other Threads:
  0x0000000015158800 VMThread [stack: 0x0000000016e40000,0x0000000016f40000] [id=17540]
  0x00000000171df000 WatcherThread [stack: 0x0000000017c40000,0x0000000017d40000] [id=17564]

VM state:not at safepoint (normal execution)

VM Mutex/Monitor currently owned by a thread: None

Heap:
 PSYoungGen      total 76288K, used 15743K [0x00000000eab00000, 0x00000000f0000000, 0x0000000100000000)
  eden space 65536K, 24% used [0x00000000eab00000,0x00000000eba5fd38,0x00000000eeb00000)
  from space 10752K, 0% used [0x00000000ef580000,0x00000000ef580000,0x00000000f0000000)
  to   space 10752K, 0% used [0x00000000eeb00000,0x00000000eeb00000,0x00000000ef580000)
 ParOldGen       total 175104K, used 0K [0x00000000c0000000, 0x00000000cab00000, 0x00000000eab00000)
  object space 175104K, 0% used [0x00000000c0000000,0x00000000c0000000,0x00000000cab00000)
 Metaspace       used 4049K, capacity 5168K, committed 5376K, reserved 1056768K
  class space    used 450K, capacity 488K, committed 512K, reserved 1048576K

Card table byte_map: [0x0000000011a00000,0x0000000011c10000] byte_map_base: 0x0000000011400000

Marking Bits: (ParMarkBitMap*) 0x0000000068ff4040
 Begin Bits: [0x0000000012570000, 0x0000000013570000)
 End Bits:   [0x0000000013570000, 0x0000000014570000)

Polling page: 0x0000000000530000

CodeCache: size=245760Kb used=1766Kb max_used=1766Kb free=243993Kb
 bounds [0x0000000002640000, 0x00000000028b0000, 0x0000000011640000]
 total_blobs=563 nmethods=302 adapters=174
 compilation: enabled

Compilation events (10 events):
Event: 0.330 Thread 0x00000000171d0800 nmethod 284 0x00000000027e5c50 code [0x00000000027e5dc0, 0x00000000027e5fd0]
Event: 0.330 Thread 0x00000000171c8000 nmethod 276 0x00000000027e60d0 code [0x00000000027e6220, 0x00000000027e6698]
Event: 0.330 Thread 0x00000000171d0800  286   !   3       com.android.dx.cf.cst.ConstantPoolParser::parse0 (731 bytes)
Event: 0.332 Thread 0x00000000171c9800  290       4       com.android.dx.util.ByteArray::getUnsignedByte (14 bytes)
Event: 0.333 Thread 0x00000000171c9800 nmethod 290 0x00000000027e6850 code [0x00000000027e69a0, 0x00000000027e6ab8]
Event: 0.334 Thread 0x00000000171d0800 nmethod 286 0x00000000027e6c10 code [0x00000000027e7520, 0x00000000027ed168]
Event: 0.334 Thread 0x00000000171d0800  289       1       java.lang.reflect.Field::getName (5 bytes)
Event: 0.334 Thread 0x00000000171d0800 nmethod 289 0x00000000027e1ed0 code [0x00000000027e2020, 0x00000000027e2130]
Event: 0.334 Thread 0x00000000171d0800  287       3       com.android.dx.rop.cst.StdConstantPool::set (123 bytes)
Event: 0.334 Thread 0x00000000171d0800 nmethod 287 0x00000000027e4750 code [0x00000000027e4980, 0x00000000027e5688]

GC Heap History (0 events):
No events

Deoptimization events (2 events):
Event: 0.293 Thread 0x0000000002543000 Uncommon trap: reason=unstable_if action=reinterpret pc=0x000000000279ab58 method=java.lang.String.indexOf(II)I @ 49
Event: 0.319 Thread 0x0000000002543000 Uncommon trap: reason=unstable_if action=reinterpret pc=0x00000000027a3e14 method=java.lang.String.compareTo(Ljava/lang/String;)I @ 38

Internal exceptions (2 events):
Event: 0.042 Thread 0x0000000002543000 Exception <a 'java/lang/NoSuchMethodError': Method sun.misc.Unsafe.defineClass(Ljava/lang/String;[BII)Ljava/lang/Class; name or signature does not match> (0x00000000eab12ee8) thrown at [C:\re\workspace\8-2-build-windows-amd64-cygwin\jdk8u45\3627\hotspot\sr@¬¦¾4o¥?
Event: 0.042 Thread 0x0000000002543000 Exception <a 'java/lang/NoSuchMethodError': Method sun.misc.Unsafe.prefetchRead(Ljava/lang/Object;J)V name or signature does not match> (0x00000000eab13178) thrown at [C:\re\workspace\8-2-build-windows-amd64-cygwin\jdk8u45\3627\hotspot\src\share\vm\prims\j

Events (10 events):
Event: 0.332 Thread 0x00000000174aa800 Thread added: 0x00000000174aa800
Event: 0.333 loading class com/android/dx/dex/code/DalvCode$AssignIndicesCallback
Event: 0.333 loading class com/android/dx/dex/code/DalvCode$AssignIndicesCallback done
Event: 0.333 loading class com/android/dx/dex/cf/OptimizerOptions
Event: 0.333 loading class com/android/dx/dex/cf/OptimizerOptions done
Event: 0.334 loading class com/android/dx/dex/file/ClassDefItem
Event: 0.334 loading class com/android/dx/dex/file/ClassDefItem done
Event: 0.334 Thread 0x00000000174fc000 Thread added: 0x00000000174fc000
Event: 0.334 loading class com/android/dx/dex/file/OffsettedItem
Event: 0.334 loading class com/android/dx/dex/file/OffsettedItem done


Dynamic libraries:
0x00007ff66d880000 - 0x00007ff66d8b7000 	C:\Program Files\Java\jdk1.8.0_45\bin\java.exe
0x00007ffddc860000 - 0x00007ffddca21000 	C:\WINDOWS\SYSTEM32\ntdll.dll
0x00007ffdd9f20000 - 0x00007ffdd9fcd000 	C:\WINDOWS\system32\KERNEL32.DLL
0x00007ffdd91e0000 - 0x00007ffdd93c8000 	C:\WINDOWS\system32\KERNELBASE.dll
0x00007ffdd7670000 - 0x00007ffdd76e9000 	C:\WINDOWS\system32\apphelp.dll
0x00007ffddc530000 - 0x00007ffddc5d7000 	C:\WINDOWS\system32\ADVAPI32.dll
0x00007ffddc210000 - 0x00007ffddc2ad000 	C:\WINDOWS\system32\msvcrt.dll
0x00007ffdda1a0000 - 0x00007ffdda1fb000 	C:\WINDOWS\system32\sechost.dll
0x00007ffdd9df0000 - 0x00007ffdd9f0c000 	C:\WINDOWS\system32\RPCRT4.dll
0x00007ffdda740000 - 0x00007ffdda896000 	C:\WINDOWS\system32\USER32.dll
0x00007ffdd9c60000 - 0x00007ffdd9de6000 	C:\WINDOWS\system32\GDI32.dll
0x00007ffdd55a0000 - 0x00007ffdd5814000 	C:\WINDOWS\WinSxS\amd64_microsoft.windows.common-controls_6595b64144ccf1df_6.0.10586.0_none_8c15ae12515e1c22\COMCTL32.dll
0x00007ffddc5e0000 - 0x00007ffddc85d000 	C:\WINDOWS\system32\combase.dll
0x00007ffdd9580000 - 0x00007ffdd95ea000 	C:\WINDOWS\system32\bcryptPrimitives.dll
0x00007ffdda9c0000 - 0x00007ffdda9fb000 	C:\WINDOWS\system32\IMM32.DLL
0x00000000683f0000 - 0x00000000684c2000 	C:\Program Files\Java\jdk1.8.0_45\jre\bin\msvcr100.dll
0x00000000687f0000 - 0x0000000069073000 	C:\Program Files\Java\jdk1.8.0_45\jre\bin\server\jvm.dll
0x00007ffdda950000 - 0x00007ffdda958000 	C:\WINDOWS\system32\PSAPI.DLL
0x00007ffdcd3b0000 - 0x00007ffdcd3b9000 	C:\WINDOWS\SYSTEM32\WSOCK32.dll
0x00007ffddc2b0000 - 0x00007ffddc31b000 	C:\WINDOWS\system32\WS2_32.dll
0x00007ffdd70d0000 - 0x00007ffdd70f3000 	C:\WINDOWS\SYSTEM32\WINMM.dll
0x00007ffdd58d0000 - 0x00007ffdd58da000 	C:\WINDOWS\SYSTEM32\VERSION.dll
0x00007ffdd7090000 - 0x00007ffdd70bc000 	C:\WINDOWS\SYSTEM32\WINMMBASE.dll
0x00007ffdd8f10000 - 0x00007ffdd8f53000 	C:\WINDOWS\system32\cfgmgr32.dll
0x0000000069620000 - 0x000000006962f000 	C:\Program Files\Java\jdk1.8.0_45\jre\bin\verify.dll
0x00000000695f0000 - 0x0000000069619000 	C:\Program Files\Java\jdk1.8.0_45\jre\bin\java.dll
0x00000000695d0000 - 0x00000000695e6000 	C:\Program Files\Java\jdk1.8.0_45\jre\bin\zip.dll
0x00007ffddacb0000 - 0x00007ffddc20c000 	C:\WINDOWS\system32\SHELL32.dll
0x00007ffdd95f0000 - 0x00007ffdd9c35000 	C:\WINDOWS\system32\windows.storage.dll
0x00007ffddc4d0000 - 0x00007ffddc522000 	C:\WINDOWS\system32\shlwapi.dll
0x00007ffdd8e80000 - 0x00007ffdd8e8f000 	C:\WINDOWS\system32\kernel.appcore.dll
0x00007ffdd94c0000 - 0x00007ffdd9575000 	C:\WINDOWS\system32\shcore.dll
0x00007ffdd8e90000 - 0x00007ffdd8edb000 	C:\WINDOWS\system32\powrprof.dll
0x00007ffdd8ee0000 - 0x00007ffdd8ef4000 	C:\WINDOWS\system32\profapi.dll
0x00007ffdcfab0000 - 0x00007ffdcfc3c000 	C:\WINDOWS\SYSTEM32\dbghelp.dll

VM Arguments:
jvm_args: -Djava.awt.headless=true -Xmx1024M -Dfile.encoding=GBK -Duser.country=CN -Duser.language=zh -Duser.variant 
java_command: com.android.dx.command.Main --dex --force-jumbo --num-threads=4 --multi-dex --output E:\KKY\android_assistant\app\build\intermediates\transforms\dex\debug\folders\1000\10\com.android.support-appcompat-v7-23.3.0_8e65ee1824f1a92f4426fff72b947b14086932e5 E:\KKY\android_assistant\app\build\intermediates\exploded-aar\com.android.support\appcompat-v7\23.3.0\jars\classes.jar
java_class_path (initial): E:\Android\adt\sdk\build-tools\23.0.3\lib\dx.jar
Launcher Type: SUN_STANDARD

Environment Variables:
JAVA_HOME=C:\Program Files\Java\jdk1.8.0_45
PATH=C:\Program Files (x86)\Common Files\NetSarang;C:\ProgramData\Oracle\Java\javapath;C:\Windows\system32;C:\Windows;C:\Windows\System32\Wbem;C:\Windows\System32\WindowsPowerShell\v1.0\;C:\Program Files (x86)\NVIDIA Corporation\PhysX\Common;D:\Android\adt\sdk\platform-tools;C:\Python34;C:\Python34\Scripts;C:/Windows/System32;C:\Program Files\Java\jdk1.8.0_45\bin;C:\WINDOWS\system32;C:\WINDOWS;C:\WINDOWS\System32\Wbem;C:\WINDOWS\System32\WindowsPowerShell\v1.0\;C:\Program Files\TortoiseHg\;D:\Go\bin;C:\Program Files (x86)\MySQL\MySQL Fabric 1.5 & MySQL Utilities 1.5\;C:\Program Files (x86)\MySQL\MySQL Fabric 1.5 & MySQL Utilities 1.5\Doctrine extensions for PHP\;C:\Go\bin;C:\Program Files\Git\cmd;C:\Program Files\Git\mingw64\bin;C:\Program Files\Git\usr\bin;C:\Program Files\nodejs\;E:\Electron\electron-v0.37.7-win32-x64;C:\Program Files\Docker Toolbox;C:\Users\Gavin\AppData\Roaming\npm
USERNAME=Gavin
OS=Windows_NT
PROCESSOR_IDENTIFIER=Intel64 Family 6 Model 60 Stepping 3, GenuineIntel



---------------  S Y S T E M  ---------------

OS: Windows 10.0 , 64 bit Build 10586 (10.0.10586.0)

CPU:total 8 (4 cores per cpu, 2 threads per core) family 6 model 60 stepping 3, cmov, cx8, fxsr, mmx, sse, sse2, sse3, ssse3, sse4.1, sse4.2, popcnt, avx, avx2, aes, clmul, erms, lzcnt, ht, tsc, tscinvbit, bmi1, bmi2

Memory: 4k page, physical 16677792k(2871420k free), swap 20637284k(1852k free)

vm_info: Java HotSpot(TM) 64-Bit Server VM (25.45-b02) for windows-amd64 JRE (1.8.0_45-b15), built on Apr 30 2015 12:40:44 by "java_re" with MS VC++ 10.0 (VS2010)

time: Mon May 09 16:41:41 2016
elapsed time: 0 seconds (0d 0h 0m 0s)

